mode: set
github.com/atuleu/go-obs-websocket/events.go:27.36,29.2 1 0
github.com/atuleu/go-obs-websocket/events.go:31.55,32.20 1 0
github.com/atuleu/go-obs-websocket/events.go:35.2,35.25 1 0
github.com/atuleu/go-obs-websocket/events.go:32.20,34.3 1 0
github.com/atuleu/go-obs-websocket/events.go:38.55,39.17 1 0
github.com/atuleu/go-obs-websocket/events.go:42.2,42.22 1 0
github.com/atuleu/go-obs-websocket/events.go:39.17,41.3 1 0
github.com/atuleu/go-obs-websocket/events.go:45.48,46.18 1 1
github.com/atuleu/go-obs-websocket/events.go:49.2,51.16 3 1
github.com/atuleu/go-obs-websocket/events.go:55.2,55.139 1 1
github.com/atuleu/go-obs-websocket/events.go:46.18,48.3 1 0
github.com/atuleu/go-obs-websocket/events.go:51.16,53.3 1 1
github.com/atuleu/go-obs-websocket/events.go:58.50,68.51 3 1
github.com/atuleu/go-obs-websocket/events.go:72.2,75.30 3 1
github.com/atuleu/go-obs-websocket/events.go:83.2,83.27 1 1
github.com/atuleu/go-obs-websocket/events.go:91.2,91.12 1 1
github.com/atuleu/go-obs-websocket/events.go:68.51,70.3 1 1
github.com/atuleu/go-obs-websocket/events.go:75.30,78.17 3 1
github.com/atuleu/go-obs-websocket/events.go:78.17,80.4 1 1
github.com/atuleu/go-obs-websocket/events.go:83.27,86.17 3 1
github.com/atuleu/go-obs-websocket/events.go:86.17,88.4 1 1
github.com/atuleu/go-obs-websocket/utils.go:9.32,11.17 2 0
github.com/atuleu/go-obs-websocket/utils.go:14.2,16.60 2 0
github.com/atuleu/go-obs-websocket/utils.go:11.17,12.34 1 0
github.com/atuleu/go-obs-websocket/client.go:25.59,31.16 2 0
github.com/atuleu/go-obs-websocket/client.go:35.2,41.17 3 0
github.com/atuleu/go-obs-websocket/client.go:31.16,33.3 1 0
github.com/atuleu/go-obs-websocket/client.go:44.47,48.44 3 0
github.com/atuleu/go-obs-websocket/client.go:48.44,52.22 3 0
github.com/atuleu/go-obs-websocket/client.go:55.3,55.9 1 0
github.com/atuleu/go-obs-websocket/client.go:52.22,54.4 1 0
github.com/atuleu/go-obs-websocket/client.go:60.33,68.6 5 0
github.com/atuleu/go-obs-websocket/client.go:99.2,99.16 1 0
github.com/atuleu/go-obs-websocket/client.go:68.6,71.13 3 0
github.com/atuleu/go-obs-websocket/client.go:79.3,79.10 1 0
github.com/atuleu/go-obs-websocket/client.go:92.3,92.24 1 0
github.com/atuleu/go-obs-websocket/client.go:71.13,77.4 3 0
github.com/atuleu/go-obs-websocket/client.go:80.3,81.23 1 0
github.com/atuleu/go-obs-websocket/client.go:82.3,83.19 1 0
github.com/atuleu/go-obs-websocket/client.go:88.4,88.16 1 0
github.com/atuleu/go-obs-websocket/client.go:83.19,85.10 2 0
github.com/atuleu/go-obs-websocket/client.go:92.24,93.9 1 0
github.com/atuleu/go-obs-websocket/client.go:103.49,105.2 1 0
github.com/atuleu/go-obs-websocket/client.go:108.26,115.21 5 0
github.com/atuleu/go-obs-websocket/client.go:115.21,117.3 1 0
github.com/atuleu/go-obs-websocket/client.go:121.46,123.21 2 0
github.com/atuleu/go-obs-websocket/client.go:128.2,129.12 2 0
github.com/atuleu/go-obs-websocket/client.go:139.2,141.15 3 0
github.com/atuleu/go-obs-websocket/client.go:123.21,126.3 2 0
github.com/atuleu/go-obs-websocket/client.go:129.12,133.22 4 0
github.com/atuleu/go-obs-websocket/client.go:136.3,137.18 2 0
github.com/atuleu/go-obs-websocket/client.go:133.22,135.4 1 0
github.com/atuleu/go-obs-websocket/client.go:144.45,148.2 3 0
