mode: set
github.com/atuleu/go-obs-websocket/utils.go:9.32,11.17 2 0
github.com/atuleu/go-obs-websocket/utils.go:14.2,16.60 2 0
github.com/atuleu/go-obs-websocket/utils.go:11.17,12.34 1 0
github.com/atuleu/go-obs-websocket/client.go:24.59,30.16 2 0
github.com/atuleu/go-obs-websocket/client.go:34.2,40.17 3 0
github.com/atuleu/go-obs-websocket/client.go:30.16,32.3 1 0
github.com/atuleu/go-obs-websocket/client.go:43.47,46.16 2 0
github.com/atuleu/go-obs-websocket/client.go:55.2,55.52 1 0
github.com/atuleu/go-obs-websocket/client.go:46.16,50.22 3 0
github.com/atuleu/go-obs-websocket/client.go:53.3,53.9 1 0
github.com/atuleu/go-obs-websocket/client.go:50.22,52.4 1 0
github.com/atuleu/go-obs-websocket/client.go:55.52,57.3 0 0
github.com/atuleu/go-obs-websocket/client.go:62.33,70.6 5 0
github.com/atuleu/go-obs-websocket/client.go:101.2,101.16 1 0
github.com/atuleu/go-obs-websocket/client.go:70.6,73.13 3 0
github.com/atuleu/go-obs-websocket/client.go:81.3,81.10 1 0
github.com/atuleu/go-obs-websocket/client.go:94.3,94.24 1 0
github.com/atuleu/go-obs-websocket/client.go:73.13,79.4 3 0
github.com/atuleu/go-obs-websocket/client.go:82.3,83.23 1 0
github.com/atuleu/go-obs-websocket/client.go:84.3,85.19 1 0
github.com/atuleu/go-obs-websocket/client.go:90.4,90.16 1 0
github.com/atuleu/go-obs-websocket/client.go:85.19,87.10 2 0
github.com/atuleu/go-obs-websocket/client.go:94.24,95.9 1 0
github.com/atuleu/go-obs-websocket/client.go:105.49,107.2 1 0
github.com/atuleu/go-obs-websocket/client.go:110.26,117.21 5 0
github.com/atuleu/go-obs-websocket/client.go:117.21,119.3 1 0
github.com/atuleu/go-obs-websocket/client.go:123.46,125.21 2 0
github.com/atuleu/go-obs-websocket/client.go:130.2,131.12 2 0
github.com/atuleu/go-obs-websocket/client.go:141.2,143.15 3 0
github.com/atuleu/go-obs-websocket/client.go:125.21,128.3 2 0
github.com/atuleu/go-obs-websocket/client.go:131.12,135.22 4 0
github.com/atuleu/go-obs-websocket/client.go:138.3,139.18 2 0
github.com/atuleu/go-obs-websocket/client.go:135.22,137.4 1 0
github.com/atuleu/go-obs-websocket/client.go:146.45,150.2 3 0
github.com/atuleu/go-obs-websocket/events.go:30.40,32.2 1 1
github.com/atuleu/go-obs-websocket/events.go:34.59,35.20 1 1
github.com/atuleu/go-obs-websocket/events.go:38.2,38.25 1 1
github.com/atuleu/go-obs-websocket/events.go:35.20,37.3 1 1
github.com/atuleu/go-obs-websocket/events.go:41.59,42.17 1 1
github.com/atuleu/go-obs-websocket/events.go:45.2,45.22 1 1
github.com/atuleu/go-obs-websocket/events.go:42.17,44.3 1 1
github.com/atuleu/go-obs-websocket/events.go:48.47,51.58 3 1
github.com/atuleu/go-obs-websocket/events.go:55.2,55.55 1 1
github.com/atuleu/go-obs-websocket/events.go:51.58,53.3 1 1
github.com/atuleu/go-obs-websocket/events.go:55.55,57.3 1 1
github.com/atuleu/go-obs-websocket/events.go:60.48,61.18 1 1
github.com/atuleu/go-obs-websocket/events.go:64.2,66.16 3 1
github.com/atuleu/go-obs-websocket/events.go:70.2,70.139 1 1
github.com/atuleu/go-obs-websocket/events.go:61.18,63.3 1 0
github.com/atuleu/go-obs-websocket/events.go:66.16,68.3 1 1
github.com/atuleu/go-obs-websocket/events.go:77.44,79.2 1 1
github.com/atuleu/go-obs-websocket/events.go:83.49,91.51 2 1
github.com/atuleu/go-obs-websocket/events.go:95.2,95.30 1 1
github.com/atuleu/go-obs-websocket/events.go:98.2,104.30 2 1
github.com/atuleu/go-obs-websocket/events.go:112.2,112.27 1 1
github.com/atuleu/go-obs-websocket/events.go:121.2,122.17 2 1
github.com/atuleu/go-obs-websocket/events.go:126.2,130.16 4 1
github.com/atuleu/go-obs-websocket/events.go:134.2,135.16 2 1
github.com/atuleu/go-obs-websocket/events.go:91.51,93.3 1 1
github.com/atuleu/go-obs-websocket/events.go:95.30,97.3 1 1
github.com/atuleu/go-obs-websocket/events.go:104.30,107.17 3 1
github.com/atuleu/go-obs-websocket/events.go:107.17,109.4 1 1
github.com/atuleu/go-obs-websocket/events.go:112.27,115.17 3 1
github.com/atuleu/go-obs-websocket/events.go:115.17,117.4 1 1
github.com/atuleu/go-obs-websocket/events.go:122.17,124.3 1 1
github.com/atuleu/go-obs-websocket/events.go:130.16,132.3 1 0
github.com/atuleu/go-obs-websocket/events.go:180.13,189.2 1 1
